{"C:\\ainlee\\Raiden\\src\\systems\\PerformanceMonitor.ts": {"path":"C:\\ainlee\\Raiden\\src\\systems\\PerformanceMonitor.ts","statementMap":{"0":{"start":{"line":1,"column":0},"end":{"line":1,"column":52}},"1":{"start":{"line":10,"column":40},"end":{"line":14,"column":4}},"2":{"start":{"line":15,"column":20},"end":{"line":15,"column":41}},"3":{"start":{"line":16,"column":23},"end":{"line":16,"column":24}},"4":{"start":{"line":19,"column":16},"end":{"line":19,"column":26}},"5":{"start":{"line":20,"column":4},"end":{"line":20,"column":70}},"6":{"start":{"line":20,"column":63},"end":{"line":20,"column":70}},"7":{"start":{"line":22,"column":4},"end":{"line":22,"column":63}},"8":{"start":{"line":24,"column":24},"end":{"line":24,"column":50}},"9":{"start":{"line":25,"column":4},"end":{"line":33,"column":5}},"10":{"start":{"line":28,"column":6},"end":{"line":30,"column":12}},"11":{"start":{"line":32,"column":6},"end":{"line":32,"column":35}},"12":{"start":{"line":39,"column":27},"end":{"line":39,"column":75}},"13":{"start":{"line":40,"column":4},"end":{"line":40,"column":74}},"14":{"start":{"line":42,"column":4},"end":{"line":42,"column":54}},"15":{"start":{"line":43,"column":4},"end":{"line":43,"column":26}},"16":{"start":{"line":47,"column":4},"end":{"line":47,"column":29}},"17":{"start":{"line":9,"column":0},"end":{"line":9,"column":13}}},"fnMap":{"0":{"name":"(anonymous_0)","decl":{"start":{"line":18,"column":2},"end":{"line":18,"column":8}},"loc":{"start":{"line":18,"column":28},"end":{"line":44,"column":3}}},"1":{"name":"(anonymous_1)","decl":{"start":{"line":46,"column":2},"end":{"line":46,"column":12}},"loc":{"start":{"line":46,"column":12},"end":{"line":48,"column":3}}}},"branchMap":{"0":{"loc":{"start":{"line":20,"column":4},"end":{"line":20,"column":70}},"type":"if","locations":[{"start":{"line":20,"column":4},"end":{"line":20,"column":70}}]},"1":{"loc":{"start":{"line":25,"column":4},"end":{"line":33,"column":5}},"type":"if","locations":[{"start":{"line":25,"column":4},"end":{"line":33,"column":5}},{"start":{"line":31,"column":11},"end":{"line":33,"column":5}}]},"2":{"loc":{"start":{"line":25,"column":8},"end":{"line":27,"column":54}},"type":"binary-expr","locations":[{"start":{"line":25,"column":8},"end":{"line":25,"column":18}},{"start":{"line":26,"column":8},"end":{"line":26,"column":53}},{"start":{"line":27,"column":8},"end":{"line":27,"column":54}}]},"3":{"loc":{"start":{"line":28,"column":33},"end":{"line":30,"column":11}},"type":"cond-expr","locations":[{"start":{"line":29,"column":10},"end":{"line":29,"column":85}},{"start":{"line":30,"column":10},"end":{"line":30,"column":11}}]}},"s":{"0":1,"1":4,"2":4,"3":4,"4":3,"5":3,"6":2,"7":1,"8":1,"9":1,"10":1,"11":0,"12":1,"13":1,"14":1,"15":1,"16":4,"17":1},"f":{"0":3,"1":4},"b":{"0":[2],"1":[1,0],"2":[1,1,1],"3":[1,0]}}
}
